<?xml version="1.0" encoding="UTF-8"?>
<!-- Generated by org.testng.reporters.JUnitXMLReporter -->
<testsuite hostname="DESKTOP-08J39R4" ignored="2" name="Default test" tests="1" failures="0" timestamp="09 Jul 2018 16:02:19 GMT" time="8.057" errors="0">
  <testcase name="orderTest" time="2.366" classname="pomDesign.WebOrderTests"/>
  <testcase name="availableProductsTest" time="0.0" classname="pomDesign.WebOrderTests">
    <ignored/>
  </testcase> <!-- availableProductsTest -->
  <testcase name="labelsVerification" time="0.0" classname="pomDesign.WebOrderTests">
    <ignored/>
  </testcase> <!-- labelsVerification -->
</testsuite> <!-- Default test -->
