<?xml version="1.0" encoding="UTF-8"?>
<testng-results skipped="0" failed="0" ignored="2" total="3" passed="1">
  <reporter-output>
  </reporter-output>
  <suite name="Default suite" duration-ms="8057" started-at="2018-07-09T16:02:11Z" finished-at="2018-07-09T16:02:19Z">
    <groups>
    </groups>
    <test name="Default test" duration-ms="8057" started-at="2018-07-09T16:02:11Z" finished-at="2018-07-09T16:02:19Z">
      <class name="pomDesign.WebOrderTests">
        <test-method status="PASS" signature="setUp()[pri:0, instance:pomDesign.WebOrderTests@4883b407]" name="setUp" is-config="true" duration-ms="5294" started-at="2018-07-09T16:02:11Z" finished-at="2018-07-09T16:02:17Z">
          <reporter-output>
          </reporter-output>
        </test-method> <!-- setUp -->
        <test-method status="PASS" signature="positiveLoginTest()[pri:0, instance:pomDesign.WebOrderTests@4883b407]" name="positiveLoginTest" is-config="true" duration-ms="370" started-at="2018-07-09T16:02:17Z" finished-at="2018-07-09T16:02:17Z">
          <reporter-output>
          </reporter-output>
        </test-method> <!-- positiveLoginTest -->
        <test-method status="PASS" signature="orderTest()[pri:3, instance:pomDesign.WebOrderTests@4883b407]" name="orderTest" duration-ms="2366" started-at="2018-07-09T16:02:17Z" finished-at="2018-07-09T16:02:19Z">
          <reporter-output>
          </reporter-output>
        </test-method> <!-- orderTest -->
      </class> <!-- pomDesign.WebOrderTests -->
    </test> <!-- Default test -->
  </suite> <!-- Default suite -->
</testng-results>
