<?xml version="1.0" encoding="UTF-8"?>
<testng-results skipped="0" failed="0" ignored="0" total="1" passed="1">
  <reporter-output>
  </reporter-output>
  <suite name="Default suite" duration-ms="60850" started-at="2018-07-02T03:46:28Z" finished-at="2018-07-02T03:47:29Z">
    <groups>
    </groups>
    <test name="Default test" duration-ms="60850" started-at="2018-07-02T03:46:28Z" finished-at="2018-07-02T03:47:29Z">
      <class name="WebTables.ApplicantsTable">
        <test-method status="PASS" signature="setUp()[pri:0, instance:WebTables.ApplicantsTable@685cb137]" name="setUp" is-config="true" duration-ms="5008" started-at="2018-07-02T03:46:28Z" finished-at="2018-07-02T03:46:33Z">
          <reporter-output>
          </reporter-output>
        </test-method> <!-- setUp -->
        <test-method status="PASS" signature="applicantsMap()[pri:0, instance:WebTables.ApplicantsTable@685cb137]" name="applicantsMap" duration-ms="55771" started-at="2018-07-02T03:46:33Z" finished-at="2018-07-02T03:47:29Z">
          <reporter-output>
          </reporter-output>
        </test-method> <!-- applicantsMap -->
      </class> <!-- WebTables.ApplicantsTable -->
    </test> <!-- Default test -->
  </suite> <!-- Default suite -->
</testng-results>
